<?xml version="1.0" encoding="UTF-8"?>
<!-- Generated by org.testng.reporters.JUnitReportReporter -->
<testsuite hostname="Shabbu-HPLap" failures="0" tests="1" name="com.qa.amexassesment.tests.AmexFRCreditCardApplicationTest" time="60.080" errors="0" timestamp="2025-02-12T23:36:12 IST" skipped="0">
  <testcase classname="com.qa.amexassesment.tests.AmexFRCreditCardApplicationTest" name="testCreditCardApplicationFlow" time="60.080"/>
  <system-out/>
</testsuite> <!-- com.qa.amexassesment.tests.AmexFRCreditCardApplicationTest -->
